=== 2026-02-10 09:34:59 CST ===
首次运行：需要初始化项目结构，确定第一个可落地的小提交
✓ 完成：推送 roc-ai-republic 提交 4efdb6c (docs: 添加论坛内容管理指南)
✓ 完成：推送主仓库提交 acd16b1 (chore: 添加24小时冲刺循环进度日志)
URL: https://gitee.com/junkaiWang324/roc-ai-republic/commit/4efdb6c
下一步：检查论坛MVP状态，准备编写信息架构文档
=== 2026-02-10 14:01:00 CST ===
✓ 完成：推送主仓库提交 2bafd97 (docs: 添加TRIAL_KEY curl调用示例到官网文档)
URL: https://gitee.com/junkaiWang324/roc-ai-republic/commit/2bafd97
下一步：检查论坛部署状态，准备部署脚本或配置
=== 2026-02-10 15:44:10 CST ===
✓ 完成：推送roc-ai-republic子模块提交 7bf895c (docs: 添加TRIAL_KEY手动发放流程文档)
✓ 完成：推送主仓库提交 f6363aa (docs: 添加Clawd国度教程索引页面)
URL: https://gitee.com/junkaiWang324/roc-ai-republic/commit/7bf895c
下一步：继续完善论坛MVP，准备部署脚本或编写论坛引擎配置
=== 2026-02-11 18:53:01 CST ===
阻塞点：需要确定下一个可落地的小提交方向（论坛MVP/教程完善/quota-proxy文档）
下一步：检查论坛部署状态，准备编写论坛信息架构文档或部署脚本
✓ 完成：推送roc-ai-republic子模块提交 fd15353 (chore: 更新install-cn.sh备份文件版本兼容性检查功能)
✓ 完成：推送主仓库提交 c9fce8f (chore: 更新roc-ai-republic子模块到最新提交)
URL: https://gitee.com/junkaiWang324/roc-ai-republic/commit/fd15353
下一步：继续完善论坛MVP，准备编写论坛信息架构文档或部署脚本
=== 2026-02-11 19:43:01 CST ===
阻塞点：论坛部署脚本存在但未实际部署运行；需要测试部署或完善部署文档
下一步：尝试运行论坛部署脚本的简化版本，或编写论坛部署验证文档
✓ 完成：推送主仓库提交 d913b72 (docs: 添加论坛部署快速测试指南)
URL: https://gitee.com/junkaiWang324/roc-ai-republic/commit/d913b72
下一步：实际运行论坛部署测试，验证部署脚本可行性
⚠️ 发现：Docker不可用，论坛部署需要先安装Docker环境
